2019-11-15 16:25:45,355 INFO No binary specified, looking for `pyre.bin` in PATH
2019-11-15 16:25:45,356 INFO Found: `/home/sam/.local/share/virtualenvs/Intelligent-Robotics-uRdCFDXT/bin/pyre.bin`
2019-11-15 16:25:45,356 INFO No typeshed specified, looking for it
2019-11-15 16:25:45,356 DEBUG Trying with: `/home/sam/.local/share/virtualenvs/Intelligent-Robotics-uRdCFDXT/lib/python3.7/site-packages/pyre_check/client/pyre_check/typeshed/`
2019-11-15 16:25:45,356 DEBUG Trying with: `/home/sam/.local/share/virtualenvs/Intelligent-Robotics-uRdCFDXT/lib/python3.7/site-packages/pyre_check/pyre_check/typeshed/`
2019-11-15 16:25:45,356 DEBUG Trying with: `/home/sam/.local/share/virtualenvs/Intelligent-Robotics-uRdCFDXT/lib/python3.7/site-packages/pyre_check/typeshed/`
2019-11-15 16:25:45,356 DEBUG Trying with: `/home/sam/.local/share/virtualenvs/Intelligent-Robotics-uRdCFDXT/lib/python3.7/pyre_check/typeshed/`
2019-11-15 16:25:45,357 DEBUG Trying with: `/home/sam/.local/share/virtualenvs/Intelligent-Robotics-uRdCFDXT/lib/pyre_check/typeshed/`
2019-11-15 16:25:45,357 INFO Found: `/home/sam/.local/share/virtualenvs/Intelligent-Robotics-uRdCFDXT/lib/pyre_check/typeshed/`
2019-11-15 16:25:45,357 WARNING Setting up a `.pyre_configuration` with `pyre init` may reduce overhead.

2019-11-15 16:25:45,357 DEBUG Running `/home/sam/.local/share/virtualenvs/Intelligent-Robotics-uRdCFDXT/bin/pyre.bin check -logging-sections parser -project-root /home/sam/git-repos/Intelligent-Robotics/vision -filter-directories /home/sam/git-repos/Intelligent-Robotics/vision -workers 4 -search-path /home/sam/.local/share/virtualenvs/Intelligent-Robotics-uRdCFDXT/lib/pyre_check/typeshed/stdlib/3.7,/home/sam/.local/share/virtualenvs/Intelligent-Robotics-uRdCFDXT/lib/pyre_check/typeshed/stdlib/3.6,/home/sam/.local/share/virtualenvs/Intelligent-Robotics-uRdCFDXT/lib/pyre_check/typeshed/stdlib/3,/home/sam/.local/share/virtualenvs/Intelligent-Robotics-uRdCFDXT/lib/pyre_check/typeshed/stdlib/2and3,/home/sam/.local/share/virtualenvs/Intelligent-Robotics-uRdCFDXT/lib/pyre_check/typeshed/third_party/3,/home/sam/.local/share/virtualenvs/Intelligent-Robotics-uRdCFDXT/lib/pyre_check/typeshed/third_party/2and3 /home/sam/git-repos/Intelligent-Robotics/vision`
2019-11-15 16:25:45,399 PERFORMANCE Module tracker built: 0.027000s
2019-11-15 16:25:45,500 INFO Parsing 828 stubs and sources...
2019-11-15 16:25:46,090 PERFORMANCE Sources parsed: 0.689000s
2019-11-15 16:25:46,190 INFO Building type environment...
2019-11-15 16:25:48,113 PERFORMANCE Full environment built: 2.023000s
2019-11-15 16:25:48,113 INFO Checking 4 sources...
2019-11-15 16:25:48,150 INFO Running check `TypeCheck`...
2019-11-15 16:25:48,154 INFO Processed 2 of 4 sources
2019-11-15 16:25:48,154 INFO Processed 4 of 4 sources
2019-11-15 16:25:48,158 PERFORMANCE Check_TypeCheck: 0.040000s
2019-11-15 16:25:48,158 MEMORY Shared memory size post-typecheck (size: 15)
2019-11-15 16:25:48,160 PERFORMANCE Analyzed sources: 0.040000s
2019-11-15 16:25:48,172 PERFORMANCE Check: 2.787000s
2019-11-15 16:25:48,173 ERROR Found 5 type errors!

2019-11-15 16:26:34,155 INFO Binary found at `/home/sam/.local/share/virtualenvs/Intelligent-Robotics-uRdCFDXT/bin/pyre.bin`
2019-11-15 16:26:34,156 DEBUG Trying with: `/home/sam/.local/share/virtualenvs/Intelligent-Robotics-uRdCFDXT/lib/python3.7/site-packages/pyre_check/client/pyre_check/typeshed/`
2019-11-15 16:26:34,156 DEBUG Trying with: `/home/sam/.local/share/virtualenvs/Intelligent-Robotics-uRdCFDXT/lib/python3.7/site-packages/pyre_check/pyre_check/typeshed/`
2019-11-15 16:26:34,156 DEBUG Trying with: `/home/sam/.local/share/virtualenvs/Intelligent-Robotics-uRdCFDXT/lib/python3.7/site-packages/pyre_check/typeshed/`
2019-11-15 16:26:34,156 DEBUG Trying with: `/home/sam/.local/share/virtualenvs/Intelligent-Robotics-uRdCFDXT/lib/python3.7/pyre_check/typeshed/`
2019-11-15 16:26:34,156 DEBUG Trying with: `/home/sam/.local/share/virtualenvs/Intelligent-Robotics-uRdCFDXT/lib/pyre_check/typeshed/`
2019-11-15 16:26:34,156 PROMPT Which directory should pyre be initialized in? (Default: `.`): 
2019-11-15 16:26:35,935 INFO Successfully initialized pyre! You can view the configuration at `/home/sam/git-repos/Intelligent-Robotics/vision/.pyre_configuration`.
2019-11-15 16:26:47,456 DEBUG Reading configuration `.pyre_configuration`...
2019-11-15 16:26:47,457 DEBUG Found source_directories: `.`
2019-11-15 16:26:47,457 DEBUG Running `/home/sam/.local/share/virtualenvs/Intelligent-Robotics-uRdCFDXT/bin/pyre.bin check -logging-sections parser -project-root /home/sam/git-repos/Intelligent-Robotics/vision -filter-directories /home/sam/git-repos/Intelligent-Robotics/vision -workers 4 -search-path /home/sam/.local/share/virtualenvs/Intelligent-Robotics-uRdCFDXT/lib/pyre_check/typeshed/stdlib/3.7,/home/sam/.local/share/virtualenvs/Intelligent-Robotics-uRdCFDXT/lib/pyre_check/typeshed/stdlib/3.6,/home/sam/.local/share/virtualenvs/Intelligent-Robotics-uRdCFDXT/lib/pyre_check/typeshed/stdlib/3,/home/sam/.local/share/virtualenvs/Intelligent-Robotics-uRdCFDXT/lib/pyre_check/typeshed/stdlib/2and3,/home/sam/.local/share/virtualenvs/Intelligent-Robotics-uRdCFDXT/lib/pyre_check/typeshed/third_party/3,/home/sam/.local/share/virtualenvs/Intelligent-Robotics-uRdCFDXT/lib/pyre_check/typeshed/third_party/2and3 .`
2019-11-15 16:26:47,498 PERFORMANCE Module tracker built: 0.024000s
2019-11-15 16:26:47,598 INFO Parsing 828 stubs and sources...
2019-11-15 16:26:48,154 PERFORMANCE Sources parsed: 0.656000s
2019-11-15 16:26:48,254 INFO Building type environment...
2019-11-15 16:26:50,186 PERFORMANCE Full environment built: 2.031000s
2019-11-15 16:26:50,186 INFO Checking 4 sources...
2019-11-15 16:26:50,219 INFO Running check `TypeCheck`...
2019-11-15 16:26:50,221 INFO Processed 2 of 4 sources
2019-11-15 16:26:50,221 INFO Processed 4 of 4 sources
2019-11-15 16:26:50,222 PERFORMANCE Check_TypeCheck: 0.034000s
2019-11-15 16:26:50,222 MEMORY Shared memory size post-typecheck (size: 15)
2019-11-15 16:26:50,224 PERFORMANCE Analyzed sources: 0.034000s
2019-11-15 16:26:50,239 PERFORMANCE Check: 2.755000s
2019-11-15 16:26:50,240 ERROR Found 5 type errors!

2019-11-15 16:28:18,097 DEBUG Reading configuration `.pyre_configuration`...
2019-11-15 16:28:18,097 DEBUG Found source_directories: `.`
2019-11-15 16:28:18,098 DEBUG Running `/home/sam/.local/share/virtualenvs/Intelligent-Robotics-uRdCFDXT/bin/pyre.bin check -logging-sections parser -project-root /home/sam/git-repos/Intelligent-Robotics/vision -filter-directories /home/sam/git-repos/Intelligent-Robotics/vision -workers 4 -search-path /home/sam/.local/share/virtualenvs/Intelligent-Robotics-uRdCFDXT/lib/pyre_check/typeshed/stdlib/3.7,/home/sam/.local/share/virtualenvs/Intelligent-Robotics-uRdCFDXT/lib/pyre_check/typeshed/stdlib/3.6,/home/sam/.local/share/virtualenvs/Intelligent-Robotics-uRdCFDXT/lib/pyre_check/typeshed/stdlib/3,/home/sam/.local/share/virtualenvs/Intelligent-Robotics-uRdCFDXT/lib/pyre_check/typeshed/stdlib/2and3,/home/sam/.local/share/virtualenvs/Intelligent-Robotics-uRdCFDXT/lib/pyre_check/typeshed/third_party/3,/home/sam/.local/share/virtualenvs/Intelligent-Robotics-uRdCFDXT/lib/pyre_check/typeshed/third_party/2and3 .`
2019-11-15 16:28:18,142 PERFORMANCE Module tracker built: 0.027000s
2019-11-15 16:28:18,243 INFO Parsing 828 stubs and sources...
2019-11-15 16:28:18,786 PERFORMANCE Sources parsed: 0.644000s
2019-11-15 16:28:18,887 INFO Building type environment...
2019-11-15 16:28:20,815 PERFORMANCE Full environment built: 2.028000s
2019-11-15 16:28:20,815 INFO Checking 4 sources...
2019-11-15 16:28:20,848 INFO Running check `TypeCheck`...
2019-11-15 16:28:20,849 INFO Processed 2 of 4 sources
2019-11-15 16:28:20,850 INFO Processed 4 of 4 sources
2019-11-15 16:28:20,850 PERFORMANCE Check_TypeCheck: 0.034000s
2019-11-15 16:28:20,850 MEMORY Shared memory size post-typecheck (size: 15)
2019-11-15 16:28:20,852 PERFORMANCE Analyzed sources: 0.034000s
2019-11-15 16:28:20,866 PERFORMANCE Check: 2.742000s
2019-11-15 16:28:20,867 ERROR Found 4 type errors!

2019-11-15 16:30:28,457 DEBUG Reading configuration `.pyre_configuration`...
2019-11-15 16:30:28,458 DEBUG Found source_directories: `.`
2019-11-15 16:30:28,458 DEBUG Running `/home/sam/.local/share/virtualenvs/Intelligent-Robotics-uRdCFDXT/bin/pyre.bin check -logging-sections parser -project-root /home/sam/git-repos/Intelligent-Robotics/vision -filter-directories /home/sam/git-repos/Intelligent-Robotics/vision -workers 4 -search-path /home/sam/.local/share/virtualenvs/Intelligent-Robotics-uRdCFDXT/bin,/home/sam/.local/share/virtualenvs/Intelligent-Robotics-uRdCFDXT/lib/python3.7,/home/sam/.local/share/virtualenvs/Intelligent-Robotics-uRdCFDXT/lib/python3.7/lib-dynload,/usr/lib/python3.7,/home/sam/.local/share/virtualenvs/Intelligent-Robotics-uRdCFDXT/lib/python3.7/site-packages,/home/sam/.local/share/virtualenvs/Intelligent-Robotics-uRdCFDXT/lib/pyre_check/typeshed/stdlib/3.7,/home/sam/.local/share/virtualenvs/Intelligent-Robotics-uRdCFDXT/lib/pyre_check/typeshed/stdlib/3.6,/home/sam/.local/share/virtualenvs/Intelligent-Robotics-uRdCFDXT/lib/pyre_check/typeshed/stdlib/3,/home/sam/.local/share/virtualenvs/Intelligent-Robotics-uRdCFDXT/lib/pyre_check/typeshed/stdlib/2and3,/home/sam/.local/share/virtualenvs/Intelligent-Robotics-uRdCFDXT/lib/pyre_check/typeshed/third_party/3,/home/sam/.local/share/virtualenvs/Intelligent-Robotics-uRdCFDXT/lib/pyre_check/typeshed/third_party/2and3 .`
2019-11-15 16:30:28,574 PERFORMANCE Module tracker built: 0.099000s
2019-11-15 16:30:28,675 INFO Parsing 2866 stubs and sources...
2019-11-15 16:30:31,395 ERROR Could not parse file at site-packages/pyaml/__init__.py:211:7-211:7
  print = pprint # pyaml.print() won't work without "from __future__ import print_function"
        ^

2019-11-15 16:30:35,105 WARNING Could not parse 1 file due to syntax errors!

2019-11-15 16:30:35,105 PERFORMANCE Sources parsed: 6.530000s
2019-11-15 16:30:35,205 INFO Building type environment...
2019-11-15 16:30:41,513 PERFORMANCE Full environment built: 6.408000s
2019-11-15 16:30:41,514 INFO Checking 4 sources...
2019-11-15 16:30:41,550 INFO Running check `TypeCheck`...
2019-11-15 16:30:41,551 INFO Processed 2 of 4 sources
2019-11-15 16:30:41,551 INFO Processed 4 of 4 sources
2019-11-15 16:30:41,552 PERFORMANCE Check_TypeCheck: 0.037000s
2019-11-15 16:30:41,552 MEMORY Shared memory size post-typecheck (size: 132)
2019-11-15 16:30:41,558 PERFORMANCE Analyzed sources: 0.037000s
2019-11-15 16:30:41,585 PERFORMANCE Check: 13.088000s
2019-11-15 16:30:41,586 ERROR Found 4 type errors!

